<?xml version="1.0" encoding="UTF-8"?>
<!-- Generated by org.testng.reporters.JUnitXMLReporter -->
<testsuite hostname="patrickdeMacBook-Pro.local" name="Command line test" tests="4" failures="0" timestamp="13 Aug 2015 03:32:01 GMT" time="0.083" errors="0">
  <testcase name="secondJuneWasSunday" time="0.051" classname="com.hedwig.ut.samples.simpleMethod.DateUtilsTest"/>
  <testcase name="tenthAprilWasWednesday" time="0.001" classname="com.hedwig.ut.samples.simpleMethod.DateUtilsTest"/>
  <testcase name="thirdMayWasFriday" time="0.0" classname="com.hedwig.ut.samples.simpleMethod.DateUtilsTest"/>
  <testcase name="expectingException" time="0.001" classname="com.hedwig.ut.samples.simpleMethod.ExceptionTest"/>
</testsuite> <!-- Command line test -->
